0 info it worked if it ends with ok
1 verbose cli [ 'D:\\node\\node.exe',
1 verbose cli   'D:\\node\\node_modules\\npm\\bin\\npm-cli.js',
1 verbose cli   'install',
1 verbose cli   '--save',
1 verbose cli   'mongoose' ]
2 info using npm@2.15.1
3 info using node@v4.4.4
4 verbose install initial load of E:\git\newWork\node\three\package.json
5 warn package.json liu@1.0.0 No README data
6 verbose installManyTop reading scoped package data from E:\git\newWork\node\three\node_modules\body-parser\package.json
7 verbose installManyTop reading scoped package data from E:\git\newWork\node\three\node_modules\connect\package.json
8 verbose installManyTop reading scoped package data from E:\git\newWork\node\three\node_modules\cookie-parser\package.json
9 verbose installManyTop reading scoped package data from E:\git\newWork\node\three\node_modules\express\package.json
10 verbose installManyTop reading scoped package data from E:\git\newWork\node\three\node_modules\express-logger\package.json
11 verbose installManyTop reading scoped package data from E:\git\newWork\node\three\node_modules\express-session\package.json
12 verbose installManyTop reading scoped package data from E:\git\newWork\node\three\node_modules\express3-handlebars\package.json
13 verbose installManyTop reading scoped package data from E:\git\newWork\node\three\node_modules\formidable\package.json
14 verbose installManyTop reading scoped package data from E:\git\newWork\node\three\node_modules\morgan\package.json
15 info package.json express3-handlebars@0.5.2 No license field.
16 info package.json formidable@1.0.17 No license field.
17 info package.json express-logger@0.0.3 No license field.
18 verbose readDependencies loading dependencies from E:\git\newWork\node\three\package.json
19 silly cache add args [ 'mongoose', null ]
20 verbose cache add spec mongoose
21 silly cache add parsed spec Result {
21 silly cache add   raw: 'mongoose',
21 silly cache add   scope: null,
21 silly cache add   name: 'mongoose',
21 silly cache add   rawSpec: '',
21 silly cache add   spec: 'latest',
21 silly cache add   type: 'tag' }
22 silly addNamed mongoose@latest
23 verbose addNamed "latest" is being treated as a dist-tag for mongoose
24 info addNameTag [ 'mongoose', 'latest' ]
25 silly mapToRegistry name mongoose
26 silly mapToRegistry using default registry
27 silly mapToRegistry registry https://registry.npmjs.org/
28 silly mapToRegistry data Result {
28 silly mapToRegistry   raw: 'mongoose',
28 silly mapToRegistry   scope: null,
28 silly mapToRegistry   name: 'mongoose',
28 silly mapToRegistry   rawSpec: '',
28 silly mapToRegistry   spec: 'latest',
28 silly mapToRegistry   type: 'tag' }
29 silly mapToRegistry uri https://registry.npmjs.org/mongoose
30 verbose addNameTag registry:https://registry.npmjs.org/mongoose not in flight; fetching
31 verbose request uri https://registry.npmjs.org/mongoose
32 verbose request no auth needed
33 info attempt registry request try #1 at 09:13:11
34 verbose request id 73c739e6b874b8e0
35 verbose etag W/"5871996f-85a44"
36 verbose lastModified Sun, 08 Jan 2017 01:44:15 GMT
37 http request GET https://registry.npmjs.org/mongoose
38 http 304 https://registry.npmjs.org/mongoose
39 verbose headers { date: 'Mon, 09 Jan 2017 01:13:14 GMT',
39 verbose headers   via: '1.1 varnish',
39 verbose headers   'cache-control': 'max-age=300',
39 verbose headers   etag: 'W/"5871996f-85a44"',
39 verbose headers   age: '0',
39 verbose headers   connection: 'keep-alive',
39 verbose headers   'x-served-by': 'cache-nrt6130-NRT',
39 verbose headers   'x-cache': 'HIT',
39 verbose headers   'x-cache-hits': '1',
39 verbose headers   'x-timer': 'S1483924394.083439,VS0,VE147',
39 verbose headers   vary: 'Accept-Encoding' }
40 silly get cb [ 304,
40 silly get   { date: 'Mon, 09 Jan 2017 01:13:14 GMT',
40 silly get     via: '1.1 varnish',
40 silly get     'cache-control': 'max-age=300',
40 silly get     etag: 'W/"5871996f-85a44"',
40 silly get     age: '0',
40 silly get     connection: 'keep-alive',
40 silly get     'x-served-by': 'cache-nrt6130-NRT',
40 silly get     'x-cache': 'HIT',
40 silly get     'x-cache-hits': '1',
40 silly get     'x-timer': 'S1483924394.083439,VS0,VE147',
40 silly get     vary: 'Accept-Encoding' } ]
41 verbose etag https://registry.npmjs.org/mongoose from cache
42 verbose get saving mongoose to C:\Users\YTONG\AppData\Roaming\npm-cache\registry.npmjs.org\mongoose\.cache.json
43 verbose correctMkdir C:\Users\YTONG\AppData\Roaming\npm-cache correctMkdir not in flight; initializing
44 silly addNameTag next cb for mongoose with tag latest
45 silly addNamed mongoose@4.7.6
46 verbose addNamed "4.7.6" is a plain semver version for mongoose
47 silly mapToRegistry name mongoose
48 silly mapToRegistry using default registry
49 silly mapToRegistry registry https://registry.npmjs.org/
50 silly mapToRegistry data Result {
50 silly mapToRegistry   raw: 'mongoose',
50 silly mapToRegistry   scope: null,
50 silly mapToRegistry   name: 'mongoose',
50 silly mapToRegistry   rawSpec: '',
50 silly mapToRegistry   spec: 'latest',
50 silly mapToRegistry   type: 'tag' }
51 silly mapToRegistry uri https://registry.npmjs.org/mongoose
52 verbose addRemoteTarball https://registry.npmjs.org/mongoose/-/mongoose-4.7.6.tgz not in flight; adding
53 verbose addRemoteTarball [ 'https://registry.npmjs.org/mongoose/-/mongoose-4.7.6.tgz',
53 verbose addRemoteTarball   '704cc710efb98b74aeb8a3386d073c835498bd46' ]
54 info retry fetch attempt 1 at 09:13:15
55 info attempt registry request try #1 at 09:13:15
56 http fetch GET https://registry.npmjs.org/mongoose/-/mongoose-4.7.6.tgz
57 http fetch 200 https://registry.npmjs.org/mongoose/-/mongoose-4.7.6.tgz
58 silly fetchAndShaCheck shasum 704cc710efb98b74aeb8a3386d073c835498bd46
59 verbose stack Error: shasum check failed for C:\Users\YTONG\AppData\Local\Temp\npm-10348-95b2a26a\registry.npmjs.org\mongoose\-\mongoose-4.7.6.tgz
59 verbose stack Expected: 704cc710efb98b74aeb8a3386d073c835498bd46
59 verbose stack Actual:   9de6f7958b850788512b2fbebd9d1a340423f2fb
59 verbose stack From:     https://registry.npmjs.org/mongoose/-/mongoose-4.7.6.tgz
59 verbose stack     at D:\node\node_modules\npm\node_modules\sha\index.js:25:8
59 verbose stack     at ReadStream.<anonymous> (D:\node\node_modules\npm\node_modules\sha\index.js:72:7)
59 verbose stack     at emitNone (events.js:72:20)
59 verbose stack     at ReadStream.emit (events.js:166:7)
59 verbose stack     at endReadableNT (_stream_readable.js:913:12)
59 verbose stack     at nextTickCallbackWith2Args (node.js:442:9)
59 verbose stack     at process._tickCallback (node.js:356:17)
60 verbose cwd E:\git\newWork\node\three
61 error Windows_NT 10.0.14393
62 error argv "D:\\node\\node.exe" "D:\\node\\node_modules\\npm\\bin\\npm-cli.js" "install" "--save" "mongoose"
63 error node v4.4.4
64 error npm  v2.15.1
65 error shasum check failed for C:\Users\YTONG\AppData\Local\Temp\npm-10348-95b2a26a\registry.npmjs.org\mongoose\-\mongoose-4.7.6.tgz
65 error Expected: 704cc710efb98b74aeb8a3386d073c835498bd46
65 error Actual:   9de6f7958b850788512b2fbebd9d1a340423f2fb
65 error From:     https://registry.npmjs.org/mongoose/-/mongoose-4.7.6.tgz
66 error If you need help, you may report this error at:
66 error     <https://github.com/npm/npm/issues>
67 verbose exit [ 1, true ]
